###############################################################################
#
# IAR C/C++ Compiler V7.12.1.987/W32 for MSP430           26/Sep/2018  16:44:40
# Copyright 1996-2018 IAR Systems AB.
# PC-locked license - IAR Embedded Workbench for Texas Instruments MSP430
#
#    __rt_version  =  3
#    __double_size =  32
#    __reg_r4      =  free
#    __reg_r5      =  free
#    __pic         =  no
#    __core        =  430X
#    __data_model  =  large
#    __code_model  =  large
#    Source file   =  
#        C:\Users\颜子楠\Desktop\教材\附件目录\2.源码\1.飞控源码 -
#        副本\HardWare\delay\delay.c
#    Command line  =  
#        -f C:\Users\颜子楠\AppData\Local\Temp\EW4C07.tmp
#        ("C:\Users\颜子楠\Desktop\教材\附件目录\2.源码\1.飞控源码 -
#        副本\HardWare\delay\delay.c" -D NDEBUG -D RAM_VECTOR -lC
#        "C:\Users\颜子楠\Desktop\教材\附件目录\2.源码\1.飞控源码 -
#        副本\Release\List" -lA
#        "C:\Users\颜子楠\Desktop\教材\附件目录\2.源码\1.飞控源码 -
#        副本\Release\List" -o
#        "C:\Users\颜子楠\Desktop\教材\附件目录\2.源码\1.飞控源码 -
#        副本\Release\Obj" -D__MSP430F5529__ -e --double=32 --dlib_config
#        D:\IAR\430\lib\dlib\dl430xllfn.h -I
#        "C:\Users\颜子楠\Desktop\教材\附件目录\2.源码\1.飞控源码 - 副本\" -I
#        "C:\Users\颜子楠\Desktop\教材\附件目录\2.源码\1.飞控源码 -
#        副本\Drivers\inc\" -I
#        "C:\Users\颜子楠\Desktop\教材\附件目录\2.源码\1.飞控源码 -
#        副本\Drivers\src\" -I
#        "C:\Users\颜子楠\Desktop\教材\附件目录\2.源码\1.飞控源码 -
#        副本\Drivers\src\USB\" -I
#        "C:\Users\颜子楠\Desktop\教材\附件目录\2.源码\1.飞控源码 -
#        副本\Drivers\src\USB\USB_config\" -I
#        "C:\Users\颜子楠\Desktop\教材\附件目录\2.源码\1.飞控源码 -
#        副本\Drivers\src\USB\USB_User\" -I
#        "C:\Users\颜子楠\Desktop\教材\附件目录\2.源码\1.飞控源码 -
#        副本\Drivers\srcUSB\USB_API\USB_CDC_API\" -I
#        "C:\Users\颜子楠\Desktop\教材\附件目录\2.源码\1.飞控源码 -
#        副本\Drivers\src\USB\USB_API\USB_HID_API\" -I
#        "C:\Users\颜子楠\Desktop\教材\附件目录\2.源码\1.飞控源码 -
#        副本\Drivers\src\USB\USB_API\USB_MSC_API\" -I
#        "C:\Users\颜子楠\Desktop\教材\附件目录\2.源码\1.飞控源码 -
#        副本\HardWare\KEY\" -I
#        "C:\Users\颜子楠\Desktop\教材\附件目录\2.源码\1.飞控源码 -
#        副本\HardWare\LED\" -I
#        "C:\Users\颜子楠\Desktop\教材\附件目录\2.源码\1.飞控源码 -
#        副本\HardWare\12864\" -I
#        "C:\Users\颜子楠\Desktop\教材\附件目录\2.源码\1.飞控源码 -
#        副本\HardWare\oled\" -I
#        "C:\Users\颜子楠\Desktop\教材\附件目录\2.源码\1.飞控源码 -
#        副本\HardWare\mpu6050\inc\" -I
#        "C:\Users\颜子楠\Desktop\教材\附件目录\2.源码\1.飞控源码 -
#        副本\HardWare\mpu6050\src\" -I
#        "C:\Users\颜子楠\Desktop\教材\附件目录\2.源码\1.飞控源码 -
#        副本\HardWare\nokia5110\inc\" -I
#        "C:\Users\颜子楠\Desktop\教材\附件目录\2.源码\1.飞控源码 -
#        副本\HardWare\nokia5110\src\" -I
#        "C:\Users\颜子楠\Desktop\教材\附件目录\2.源码\1.飞控源码 -
#        副本\HardWare\LQ_1.8_TFT\" -I
#        "C:\Users\颜子楠\Desktop\教材\附件目录\2.源码\1.飞控源码 -
#        副本\HardWare\LCD_API\" -I
#        "C:\Users\颜子楠\Desktop\教材\附件目录\2.源码\1.飞控源码 -
#        副本\HardWare\2.2TFT\" -I
#        "C:\Users\颜子楠\Desktop\教材\附件目录\2.源码\1.飞控源码 -
#        副本\HardWare\delay\" -I
#        "C:\Users\颜子楠\Desktop\教材\附件目录\2.源码\1.飞控源码 -
#        副本\System\" -I
#        "C:\Users\颜子楠\Desktop\教材\附件目录\2.源码\1.飞控源码 -
#        副本\System\inc\" -I
#        "C:\Users\颜子楠\Desktop\教材\附件目录\2.源码\1.飞控源码 -
#        副本\System\src\" -I
#        "C:\Users\颜子楠\Desktop\教材\附件目录\2.源码\1.飞控源码 - 副本\User\"
#        -I "C:\Users\颜子楠\Desktop\教材\附件目录\2.源码\1.飞控源码 -
#        副本\User\USER\" -I
#        "C:\Users\颜子楠\Desktop\教材\附件目录\2.源码\1.飞控源码 -
#        副本\Lib\UCOSII\CONFIG\" -I
#        "C:\Users\颜子楠\Desktop\教材\附件目录\2.源码\1.飞控源码 -
#        副本\Lib\uCOSII\App\" -I
#        "C:\Users\颜子楠\Desktop\教材\附件目录\2.源码\1.飞控源码 -
#        副本\Lib\uCOSII\CONFIHG\" -I
#        "C:\Users\颜子楠\Desktop\教材\附件目录\2.源码\1.飞控源码 -
#        副本\Lib\uCOSII\PORT\" -I
#        "C:\Users\颜子楠\Desktop\教材\附件目录\2.源码\1.飞控源码 -
#        副本\Lib\UCOSII\CORE\" -I
#        "C:\Users\颜子楠\Desktop\教材\附件目录\2.源码\1.飞控源码 -
#        副本\Lib\FatFs\" -I
#        "C:\Users\颜子楠\Desktop\教材\附件目录\2.源码\1.飞控源码 -
#        副本\Lib\FatFs\option\" -I
#        "C:\Users\颜子楠\Desktop\教材\附件目录\2.源码\1.飞控源码 - 副本\src\"
#        -I "C:\Users\颜子楠\Desktop\教材\附件目录\2.源码\1.飞控源码 -
#        副本\HardWare\" -I
#        "C:\Users\颜子楠\Desktop\教材\附件目录\2.源码\1.飞控源码 -
#        副本\HardWare\nrf24l01\" -I
#        "C:\Users\颜子楠\Desktop\教材\附件目录\2.源码\1.飞控源码 - 副本\MATH\"
#        --core=430X --data_model=large -Oh --multiplier=32
#        --hw_workaround=CPU40 --hw_workaround=nop_after_lpm -DNDEBUG
#        --code_model=large)
#    Locale        =  Chinese (Simplified)_CHN.936
#    List file     =  
#        C:\Users\颜子楠\Desktop\教材\附件目录\2.源码\1.飞控源码 -
#        副本\Release\List\delay.lst
#    Object file   =  
#        C:\Users\颜子楠\Desktop\教材\附件目录\2.源码\1.飞控源码 -
#        副本\Release\Obj\delay.r43
#
###############################################################################

C:\Users\颜子楠\Desktop\教材\附件目录\2.源码\1.飞控源码 - 副本\HardWare\delay\delay.c
      1          #include "delay.h"
      2          #include "msp430f5529_clock.h"
      3          /*******************************************************************************
      4          *  函数名称：
      5          *  功能说明：US单位延时，若使用定时器的话会比较可靠，在delay.h中宏定义定时器模块，若没有宏定义，则使用软件模拟，注意有无中断会差别很大
      6          *  参数说明：
      7          *  函数返回：
      8          *  使用示例：
      9          ********************************************************************************/

   \                                 In  segment CODE, align 2
     10          void delay_us(uint32_t us)
   \                     delay_us:
     11          {
     12            us = (uint32_t)(us*(CPU_FRE_MHZ/11.6));
     13            while(us--);//asm("nop");
     14          }
   \   000000   1001         RETA

   Maximum stack usage in bytes:

   CSTACK Function
   ------ --------
      4   delay_us


   Segment part sizes:

   Bytes  Function/Label
   -----  --------------
       2  delay_us

 
 2 bytes in segment CODE
 
 2 bytes of CODE memory

Errors: none
Warnings: none
