###############################################################################
#
# IAR C/C++ Compiler V7.12.1.987/W32 for MSP430           01/Nov/2018  12:43:42
# Copyright 1996-2018 IAR Systems AB.
# PC-locked license - IAR Embedded Workbench for Texas Instruments MSP430
#
#    __rt_version  =  3
#    __double_size =  32
#    __reg_r4      =  free
#    __reg_r5      =  free
#    __pic         =  no
#    __core        =  430X
#    __data_model  =  large
#    __code_model  =  large
#    Source file   =  
#        C:\Users\颜子楠\Desktop\教材\附件目录\2.源码\1.飞控源码\HardWare\LED.c
#    Command line  =  
#        -f C:\Users\颜子楠\AppData\Local\Temp\EWD4BC.tmp
#        (C:\Users\颜子楠\Desktop\教材\附件目录\2.源码\1.飞控源码\HardWare\LED.c
#        -D NDEBUG -D RAM_VECTOR -lC
#        C:\Users\颜子楠\Desktop\教材\附件目录\2.源码\1.飞控源码\Release\List
#        -lA
#        C:\Users\颜子楠\Desktop\教材\附件目录\2.源码\1.飞控源码\Release\List
#        -o C:\Users\颜子楠\Desktop\教材\附件目录\2.源码\1.飞控源码\Release\Obj
#        --no_cse --no_unroll --no_inline --no_code_motion --no_tbaa --debug
#        -D__MSP430F5529__ -e --double=32 --dlib_config
#        D:\IAR\430\lib\dlib\dl430xllfn.h -I
#        C:\Users\颜子楠\Desktop\教材\附件目录\2.源码\1.飞控源码\ -I
#        C:\Users\颜子楠\Desktop\教材\附件目录\2.源码\1.飞控源码\Drivers\inc\
#        -I
#        C:\Users\颜子楠\Desktop\教材\附件目录\2.源码\1.飞控源码\Drivers\src\
#        -I
#        C:\Users\颜子楠\Desktop\教材\附件目录\2.源码\1.飞控源码\Drivers\src\USB\
#        -I
#        C:\Users\颜子楠\Desktop\教材\附件目录\2.源码\1.飞控源码\Drivers\src\USB\USB_config\
#        -I
#        C:\Users\颜子楠\Desktop\教材\附件目录\2.源码\1.飞控源码\Drivers\src\USB\USB_User\
#        -I
#        C:\Users\颜子楠\Desktop\教材\附件目录\2.源码\1.飞控源码\Drivers\srcUSB\USB_API\USB_CDC_API\
#        -I
#        C:\Users\颜子楠\Desktop\教材\附件目录\2.源码\1.飞控源码\Drivers\src\USB\USB_API\USB_HID_API\
#        -I
#        C:\Users\颜子楠\Desktop\教材\附件目录\2.源码\1.飞控源码\Drivers\src\USB\USB_API\USB_MSC_API\
#        -I
#        C:\Users\颜子楠\Desktop\教材\附件目录\2.源码\1.飞控源码\HardWare\KEY\
#        -I
#        C:\Users\颜子楠\Desktop\教材\附件目录\2.源码\1.飞控源码\HardWare\LED\
#        -I
#        C:\Users\颜子楠\Desktop\教材\附件目录\2.源码\1.飞控源码\HardWare\12864\
#        -I
#        C:\Users\颜子楠\Desktop\教材\附件目录\2.源码\1.飞控源码\HardWare\oled\
#        -I
#        C:\Users\颜子楠\Desktop\教材\附件目录\2.源码\1.飞控源码\HardWare\mpu6050\inc\
#        -I
#        C:\Users\颜子楠\Desktop\教材\附件目录\2.源码\1.飞控源码\HardWare\mpu6050\src\
#        -I
#        C:\Users\颜子楠\Desktop\教材\附件目录\2.源码\1.飞控源码\HardWare\nokia5110\inc\
#        -I
#        C:\Users\颜子楠\Desktop\教材\附件目录\2.源码\1.飞控源码\HardWare\nokia5110\src\
#        -I
#        C:\Users\颜子楠\Desktop\教材\附件目录\2.源码\1.飞控源码\HardWare\LQ_1.8_TFT\
#        -I
#        C:\Users\颜子楠\Desktop\教材\附件目录\2.源码\1.飞控源码\HardWare\LCD_API\
#        -I
#        C:\Users\颜子楠\Desktop\教材\附件目录\2.源码\1.飞控源码\HardWare\2.2TFT\
#        -I
#        C:\Users\颜子楠\Desktop\教材\附件目录\2.源码\1.飞控源码\HardWare\delay\
#        -I C:\Users\颜子楠\Desktop\教材\附件目录\2.源码\1.飞控源码\System\ -I
#        C:\Users\颜子楠\Desktop\教材\附件目录\2.源码\1.飞控源码\System\inc\ -I
#        C:\Users\颜子楠\Desktop\教材\附件目录\2.源码\1.飞控源码\System\src\ -I
#        C:\Users\颜子楠\Desktop\教材\附件目录\2.源码\1.飞控源码\User\ -I
#        C:\Users\颜子楠\Desktop\教材\附件目录\2.源码\1.飞控源码\User\USER\ -I
#        C:\Users\颜子楠\Desktop\教材\附件目录\2.源码\1.飞控源码\Lib\UCOSII\CONFIG\
#        -I
#        C:\Users\颜子楠\Desktop\教材\附件目录\2.源码\1.飞控源码\Lib\uCOSII\App\
#        -I
#        C:\Users\颜子楠\Desktop\教材\附件目录\2.源码\1.飞控源码\Lib\uCOSII\CONFIHG\
#        -I
#        C:\Users\颜子楠\Desktop\教材\附件目录\2.源码\1.飞控源码\Lib\uCOSII\PORT\
#        -I
#        C:\Users\颜子楠\Desktop\教材\附件目录\2.源码\1.飞控源码\Lib\UCOSII\CORE\
#        -I C:\Users\颜子楠\Desktop\教材\附件目录\2.源码\1.飞控源码\Lib\FatFs\
#        -I
#        C:\Users\颜子楠\Desktop\教材\附件目录\2.源码\1.飞控源码\Lib\FatFs\option\
#        -I C:\Users\颜子楠\Desktop\教材\附件目录\2.源码\1.飞控源码\src\ -I
#        C:\Users\颜子楠\Desktop\教材\附件目录\2.源码\1.飞控源码\HardWare\ -I
#        C:\Users\颜子楠\Desktop\教材\附件目录\2.源码\1.飞控源码\HardWare\nrf24l01\
#        -I C:\Users\颜子楠\Desktop\教材\附件目录\2.源码\1.飞控源码\MATH\ -I
#        C:\Users\颜子楠\Desktop\教材\附件目录\2.源码\1.飞控源码\HAL\
#        --core=430X --data_model=large -Ol --multiplier=32
#        --hw_workaround=CPU40 --hw_workaround=nop_after_lpm -DNDEBUG
#        --code_model=large)
#    Locale        =  Chinese (Simplified)_CHN.936
#    List file     =  
#        C:\Users\颜子楠\Desktop\教材\附件目录\2.源码\1.飞控源码\Release\List\LED.lst
#    Object file   =  
#        C:\Users\颜子楠\Desktop\教材\附件目录\2.源码\1.飞控源码\Release\Obj\LED.r43
#
###############################################################################

C:\Users\颜子楠\Desktop\教材\附件目录\2.源码\1.飞控源码\HardWare\LED.c
      1          #include "include.h"

   \                                 In  segment DATA16_AN, at 0x202
   \   union <unnamed> __data16 _A_PAOUT_L
   \                     _A_PAOUT_L:
   \   000000                DS8 2

   \                                 In  segment DATA16_AN, at 0x204
   \   union <unnamed> __data16 _A_PADIR_L
   \                     _A_PADIR_L:
   \   000000                DS8 2
      2          #include "led.h"
      3          
      4          // LED_B P2.0
      5          #define LED_B_PORT          P2
      6          #define LED_B_PIN           GPIO_Pin_0
      7          #define LED_B_LEVEL_ON      0
      8          
      9          // LED_R P2.1
     10          #define LED_R_PORT          P2
     11          #define LED_R_PIN           GPIO_Pin_1
     12          #define LED_R_LEVEL_ON      0
     13          
     14          // LED_M1                   P2.4
     15          #define LED_M1_PORT         P2
     16          #define LED_M1_PIN          GPIO_Pin_4
     17          #define LED_M1_LEVEL_ON     0
     18          
     19          // LED_M2 P2.5
     20          #define LED_M2_PORT         P2
     21          #define LED_M2_PIN          GPIO_Pin_5
     22          #define LED_M2_LEVEL_ON     0
     23          
     24          // LED_M3 P2.6
     25          #define LED_M3_PORT         P2
     26          #define LED_M3_PIN          GPIO_Pin_6
     27          #define LED_M3_LEVEL_ON     0
     28          
     29          // LED_M4 P2.7
     30          #define LED_M4_PORT         P2
     31          #define LED_M4_PIN          GPIO_Pin_7
     32          #define LED_M4_LEVEL_ON     0
     33          
     34          
     35          
     36          

   \                                 In  segment DATA20_Z, align 2, align-sorted
   \   000000                REQUIRE ?cstart_init_zero20
     37          extern LED_t LED[LED_Num] = {0};
   \                     LED:
   \   000000                DS8 24
     38          

   \                                 In  segment CODE, align 2
     39          extern void LED_Init(void)
   \                     LED_Init:
     40          {    
     41              P2DIR |= GPIO_Pin_0|GPIO_Pin_1|GPIO_Pin_4|GPIO_Pin_5|GPIO_Pin_6|GPIO_Pin_7;
   \   000000   F2D0F3000502 BIS.B   #0xf3, &0x205
     42              P2OUT |= (GPIO_Pin_0|GPIO_Pin_1|GPIO_Pin_4|GPIO_Pin_5|GPIO_Pin_6|GPIO_Pin_7);
   \   000006   F2D0F3000302 BIS.B   #0xf3, &0x203
     43          }
   \   00000C   1001         RETA
   \   00000E                REQUIRE _A_PADIR_L
   \   00000E                REQUIRE _A_PAOUT_L
     44          

   \                                 In  segment CODE, align 2
     45          void LED_Update()
   \                     LED_Update:
     46          {
     47            static int Cnt = 0;
     48            if(ALL_flag.unlock)
   \   000000   ....D2B3.... BITX.B  #0x1, &ALL_flag
   \   000006   0F28         JNC     ??LED_Update_0
     49            {
     50                LED_UNLOCK_ON;
   \   000008   D2C30302     BIC.B   #0x1, &0x203
     51                LED_M1_ON;
   \   00000C   F2C010000302 BIC.B   #0x10, &0x203
     52                LED_M2_ON;
   \   000012   F2C020000302 BIC.B   #0x20, &0x203
     53                LED_M3_ON;
   \   000018   F2C040000302 BIC.B   #0x40, &0x203
     54                LED_M4_ON;
   \   00001E   F2C080000302 BIC.B   #0x80, &0x203
   \   000024   1001         RETA
     55            }else
     56            {
     57                Cnt++;
   \                     ??LED_Update_0:
   \   000026   ....9253.... ADDX.W  #0x1, &??Cnt
     58                
     59                LED_UNLOCK_OFF;
   \   00002C   D2D30302     BIS.B   #0x1, &0x203
     60                
     61                if(Cnt>200)
   \   000030   ....B290C900 CMPX.W  #0xc9, &??Cnt
   \            ....        
   \   000038   0338         JL      ??LED_Update_1
     62                {
     63                  Cnt = 0;
   \   00003A   ....8243.... MOVX.W  #0x0, &??Cnt
     64                }
     65                
     66                if(Cnt <100)
   \                     ??LED_Update_1:
   \   000040   ....B2906400 CMPX.W  #0x64, &??Cnt
   \            ....        
   \   000048   0D34         JGE     ??LED_Update_2
     67                {
     68                  LED_M1_ON;
   \   00004A   F2C010000302 BIC.B   #0x10, &0x203
     69                  LED_M2_ON;
   \   000050   F2C020000302 BIC.B   #0x20, &0x203
     70                  LED_M3_ON;
   \   000056   F2C040000302 BIC.B   #0x40, &0x203
     71                  LED_M4_ON;
   \   00005C   F2C080000302 BIC.B   #0x80, &0x203
   \   000062   1001         RETA
     72                }else
     73                {
     74                  LED_M1_OFF;
   \                     ??LED_Update_2:
   \   000064   F2D010000302 BIS.B   #0x10, &0x203
     75                  LED_M2_OFF;
   \   00006A   F2D020000302 BIS.B   #0x20, &0x203
     76                  LED_M3_OFF;
   \   000070   F2D040000302 BIS.B   #0x40, &0x203
     77                  LED_M4_OFF;
   \   000076   F2D080000302 BIS.B   #0x80, &0x203
     78                }
     79            }
     80          }
   \   00007C   1001         RETA
   \   00007E                REQUIRE _A_PAOUT_L

   \                                 In  segment DATA20_Z, align 2, align-sorted
   \   000000                REQUIRE ?cstart_init_zero20
   \                     ??Cnt:
   \   000000                DS8 2
     81          

   \                                 In  segment CODE, align 2
     82          extern void LED_Test(void)
   \                     LED_Test:
     83          {
     84          
     85          
     86          }
   \   000000   1001         RETA

   Maximum stack usage in bytes:

   CSTACK Function
   ------ --------
      4   LED_Init
      4   LED_Test
      4   LED_Update


   Segment part sizes:

   Bytes  Function/Label
   -----  --------------
       2  Cnt
      24  LED
      14  LED_Init
       2  LED_Test
     126  LED_Update
       2  _A_PADIR_L
       2  _A_PAOUT_L

 
 142 bytes in segment CODE
   4 bytes in segment DATA16_AN
  26 bytes in segment DATA20_Z
 
 142 bytes of CODE memory
  26 bytes of DATA memory (+ 4 bytes shared)

Errors: none
Warnings: none
