###############################################################################
#
# IAR C/C++ Compiler V7.12.1.987/W32 for MSP430           01/Nov/2018  12:43:42
# Copyright 1996-2018 IAR Systems AB.
# PC-locked license - IAR Embedded Workbench for Texas Instruments MSP430
#
#    __rt_version  =  3
#    __double_size =  32
#    __reg_r4      =  free
#    __reg_r5      =  free
#    __pic         =  no
#    __core        =  430X
#    __data_model  =  large
#    __code_model  =  large
#    Source file   =  
#        C:\Users\颜子楠\Desktop\教材\附件目录\2.源码\1.飞控源码\User\main.c
#    Command line  =  
#        -f C:\Users\颜子楠\AppData\Local\Temp\EWD579.tmp
#        (C:\Users\颜子楠\Desktop\教材\附件目录\2.源码\1.飞控源码\User\main.c
#        -D NDEBUG -D RAM_VECTOR -lC
#        C:\Users\颜子楠\Desktop\教材\附件目录\2.源码\1.飞控源码\Release\List
#        -lA
#        C:\Users\颜子楠\Desktop\教材\附件目录\2.源码\1.飞控源码\Release\List
#        -o C:\Users\颜子楠\Desktop\教材\附件目录\2.源码\1.飞控源码\Release\Obj
#        --no_cse --no_unroll --no_inline --no_code_motion --no_tbaa --debug
#        -D__MSP430F5529__ -e --double=32 --dlib_config
#        D:\IAR\430\lib\dlib\dl430xllfn.h -I
#        C:\Users\颜子楠\Desktop\教材\附件目录\2.源码\1.飞控源码\ -I
#        C:\Users\颜子楠\Desktop\教材\附件目录\2.源码\1.飞控源码\Drivers\inc\
#        -I
#        C:\Users\颜子楠\Desktop\教材\附件目录\2.源码\1.飞控源码\Drivers\src\
#        -I
#        C:\Users\颜子楠\Desktop\教材\附件目录\2.源码\1.飞控源码\Drivers\src\USB\
#        -I
#        C:\Users\颜子楠\Desktop\教材\附件目录\2.源码\1.飞控源码\Drivers\src\USB\USB_config\
#        -I
#        C:\Users\颜子楠\Desktop\教材\附件目录\2.源码\1.飞控源码\Drivers\src\USB\USB_User\
#        -I
#        C:\Users\颜子楠\Desktop\教材\附件目录\2.源码\1.飞控源码\Drivers\srcUSB\USB_API\USB_CDC_API\
#        -I
#        C:\Users\颜子楠\Desktop\教材\附件目录\2.源码\1.飞控源码\Drivers\src\USB\USB_API\USB_HID_API\
#        -I
#        C:\Users\颜子楠\Desktop\教材\附件目录\2.源码\1.飞控源码\Drivers\src\USB\USB_API\USB_MSC_API\
#        -I
#        C:\Users\颜子楠\Desktop\教材\附件目录\2.源码\1.飞控源码\HardWare\KEY\
#        -I
#        C:\Users\颜子楠\Desktop\教材\附件目录\2.源码\1.飞控源码\HardWare\LED\
#        -I
#        C:\Users\颜子楠\Desktop\教材\附件目录\2.源码\1.飞控源码\HardWare\12864\
#        -I
#        C:\Users\颜子楠\Desktop\教材\附件目录\2.源码\1.飞控源码\HardWare\oled\
#        -I
#        C:\Users\颜子楠\Desktop\教材\附件目录\2.源码\1.飞控源码\HardWare\mpu6050\inc\
#        -I
#        C:\Users\颜子楠\Desktop\教材\附件目录\2.源码\1.飞控源码\HardWare\mpu6050\src\
#        -I
#        C:\Users\颜子楠\Desktop\教材\附件目录\2.源码\1.飞控源码\HardWare\nokia5110\inc\
#        -I
#        C:\Users\颜子楠\Desktop\教材\附件目录\2.源码\1.飞控源码\HardWare\nokia5110\src\
#        -I
#        C:\Users\颜子楠\Desktop\教材\附件目录\2.源码\1.飞控源码\HardWare\LQ_1.8_TFT\
#        -I
#        C:\Users\颜子楠\Desktop\教材\附件目录\2.源码\1.飞控源码\HardWare\LCD_API\
#        -I
#        C:\Users\颜子楠\Desktop\教材\附件目录\2.源码\1.飞控源码\HardWare\2.2TFT\
#        -I
#        C:\Users\颜子楠\Desktop\教材\附件目录\2.源码\1.飞控源码\HardWare\delay\
#        -I C:\Users\颜子楠\Desktop\教材\附件目录\2.源码\1.飞控源码\System\ -I
#        C:\Users\颜子楠\Desktop\教材\附件目录\2.源码\1.飞控源码\System\inc\ -I
#        C:\Users\颜子楠\Desktop\教材\附件目录\2.源码\1.飞控源码\System\src\ -I
#        C:\Users\颜子楠\Desktop\教材\附件目录\2.源码\1.飞控源码\User\ -I
#        C:\Users\颜子楠\Desktop\教材\附件目录\2.源码\1.飞控源码\User\USER\ -I
#        C:\Users\颜子楠\Desktop\教材\附件目录\2.源码\1.飞控源码\Lib\UCOSII\CONFIG\
#        -I
#        C:\Users\颜子楠\Desktop\教材\附件目录\2.源码\1.飞控源码\Lib\uCOSII\App\
#        -I
#        C:\Users\颜子楠\Desktop\教材\附件目录\2.源码\1.飞控源码\Lib\uCOSII\CONFIHG\
#        -I
#        C:\Users\颜子楠\Desktop\教材\附件目录\2.源码\1.飞控源码\Lib\uCOSII\PORT\
#        -I
#        C:\Users\颜子楠\Desktop\教材\附件目录\2.源码\1.飞控源码\Lib\UCOSII\CORE\
#        -I C:\Users\颜子楠\Desktop\教材\附件目录\2.源码\1.飞控源码\Lib\FatFs\
#        -I
#        C:\Users\颜子楠\Desktop\教材\附件目录\2.源码\1.飞控源码\Lib\FatFs\option\
#        -I C:\Users\颜子楠\Desktop\教材\附件目录\2.源码\1.飞控源码\src\ -I
#        C:\Users\颜子楠\Desktop\教材\附件目录\2.源码\1.飞控源码\HardWare\ -I
#        C:\Users\颜子楠\Desktop\教材\附件目录\2.源码\1.飞控源码\HardWare\nrf24l01\
#        -I C:\Users\颜子楠\Desktop\教材\附件目录\2.源码\1.飞控源码\MATH\ -I
#        C:\Users\颜子楠\Desktop\教材\附件目录\2.源码\1.飞控源码\HAL\
#        --core=430X --data_model=large -Ol --multiplier=32
#        --hw_workaround=CPU40 --hw_workaround=nop_after_lpm -DNDEBUG
#        --code_model=large)
#    Locale        =  Chinese (Simplified)_CHN.936
#    List file     =  
#        C:\Users\颜子楠\Desktop\教材\附件目录\2.源码\1.飞控源码\Release\List\main.lst
#    Object file   =  
#        C:\Users\颜子楠\Desktop\教材\附件目录\2.源码\1.飞控源码\Release\Obj\main.r43
#
###############################################################################

C:\Users\颜子楠\Desktop\教材\附件目录\2.源码\1.飞控源码\User\main.c
      1          #include "include.h"
      2          
      3          /*固件版本*/

   \                                 In  segment DATA20_I, align 1, align-sorted
   \   000000                REQUIRE ?cstart_init_copy20
      4          uint8_t Firmware = 100;
   \                     Firmware:
   \   000000                DS8 1
   \   000001                REQUIRE `?<Initializer for Firmware>`

   \                                 In  segment CODE, align 2
      5          void main()
   \                     main:
      6          {
      7            DisableInterrupts();
   \   000000   32C2         DINT
   \   000002   0343         NOP
      8            Hardware_Init();
   \   000004   ........     CALLA   #Hardware_Init
   \   000008   0343         NOP
      9            EnableInterrupts();
   \   00000A   32D2         EINT
   \   00000C   0343         NOP
     10            
     11            while(1)
   \                     ??main_0:
   \   00000E   FF3F         JMP     ??main_0
   \   000010   0343         NOP
     12            {
     13              
     14            }
     15          }

   \                                 In  segment DATA20_ID, align 1, align-sorted
   \                     `?<Initializer for Firmware>`:
   \   000000   64           DC8 100

   Maximum stack usage in bytes:

   CSTACK Function
   ------ --------
      4   main
        4   -> Hardware_Init


   Segment part sizes:

   Bytes  Function/Label
   -----  --------------
       1  ?<Initializer for Firmware>
       1  Firmware
      18  main

 
 18 bytes in segment CODE
  1 byte  in segment DATA20_I
  1 byte  in segment DATA20_ID
 
 18 bytes of CODE  memory
  1 byte  of CONST memory
  1 byte  of DATA  memory

Errors: none
Warnings: none
