###############################################################################
#
# IAR C/C++ Compiler V7.12.1.987/W32 for MSP430           01/Nov/2018  12:43:43
# Copyright 1996-2018 IAR Systems AB.
# PC-locked license - IAR Embedded Workbench for Texas Instruments MSP430
#
#    __rt_version  =  3
#    __double_size =  32
#    __reg_r4      =  free
#    __reg_r5      =  free
#    __pic         =  no
#    __core        =  430X
#    __data_model  =  large
#    __code_model  =  large
#    Source file   =  
#        C:\Users\颜子楠\Desktop\教材\附件目录\2.源码\1.飞控源码\System\src\msp430f5529_it.c
#    Command line  =  
#        -f C:\Users\颜子楠\AppData\Local\Temp\EWDB10.tmp
#        (C:\Users\颜子楠\Desktop\教材\附件目录\2.源码\1.飞控源码\System\src\msp430f5529_it.c
#        -D NDEBUG -D RAM_VECTOR -lC
#        C:\Users\颜子楠\Desktop\教材\附件目录\2.源码\1.飞控源码\Release\List
#        -lA
#        C:\Users\颜子楠\Desktop\教材\附件目录\2.源码\1.飞控源码\Release\List
#        -o C:\Users\颜子楠\Desktop\教材\附件目录\2.源码\1.飞控源码\Release\Obj
#        --no_cse --no_unroll --no_inline --no_code_motion --no_tbaa --debug
#        -D__MSP430F5529__ -e --double=32 --dlib_config
#        D:\IAR\430\lib\dlib\dl430xllfn.h -I
#        C:\Users\颜子楠\Desktop\教材\附件目录\2.源码\1.飞控源码\ -I
#        C:\Users\颜子楠\Desktop\教材\附件目录\2.源码\1.飞控源码\Drivers\inc\
#        -I
#        C:\Users\颜子楠\Desktop\教材\附件目录\2.源码\1.飞控源码\Drivers\src\
#        -I
#        C:\Users\颜子楠\Desktop\教材\附件目录\2.源码\1.飞控源码\Drivers\src\USB\
#        -I
#        C:\Users\颜子楠\Desktop\教材\附件目录\2.源码\1.飞控源码\Drivers\src\USB\USB_config\
#        -I
#        C:\Users\颜子楠\Desktop\教材\附件目录\2.源码\1.飞控源码\Drivers\src\USB\USB_User\
#        -I
#        C:\Users\颜子楠\Desktop\教材\附件目录\2.源码\1.飞控源码\Drivers\srcUSB\USB_API\USB_CDC_API\
#        -I
#        C:\Users\颜子楠\Desktop\教材\附件目录\2.源码\1.飞控源码\Drivers\src\USB\USB_API\USB_HID_API\
#        -I
#        C:\Users\颜子楠\Desktop\教材\附件目录\2.源码\1.飞控源码\Drivers\src\USB\USB_API\USB_MSC_API\
#        -I
#        C:\Users\颜子楠\Desktop\教材\附件目录\2.源码\1.飞控源码\HardWare\KEY\
#        -I
#        C:\Users\颜子楠\Desktop\教材\附件目录\2.源码\1.飞控源码\HardWare\LED\
#        -I
#        C:\Users\颜子楠\Desktop\教材\附件目录\2.源码\1.飞控源码\HardWare\12864\
#        -I
#        C:\Users\颜子楠\Desktop\教材\附件目录\2.源码\1.飞控源码\HardWare\oled\
#        -I
#        C:\Users\颜子楠\Desktop\教材\附件目录\2.源码\1.飞控源码\HardWare\mpu6050\inc\
#        -I
#        C:\Users\颜子楠\Desktop\教材\附件目录\2.源码\1.飞控源码\HardWare\mpu6050\src\
#        -I
#        C:\Users\颜子楠\Desktop\教材\附件目录\2.源码\1.飞控源码\HardWare\nokia5110\inc\
#        -I
#        C:\Users\颜子楠\Desktop\教材\附件目录\2.源码\1.飞控源码\HardWare\nokia5110\src\
#        -I
#        C:\Users\颜子楠\Desktop\教材\附件目录\2.源码\1.飞控源码\HardWare\LQ_1.8_TFT\
#        -I
#        C:\Users\颜子楠\Desktop\教材\附件目录\2.源码\1.飞控源码\HardWare\LCD_API\
#        -I
#        C:\Users\颜子楠\Desktop\教材\附件目录\2.源码\1.飞控源码\HardWare\2.2TFT\
#        -I
#        C:\Users\颜子楠\Desktop\教材\附件目录\2.源码\1.飞控源码\HardWare\delay\
#        -I C:\Users\颜子楠\Desktop\教材\附件目录\2.源码\1.飞控源码\System\ -I
#        C:\Users\颜子楠\Desktop\教材\附件目录\2.源码\1.飞控源码\System\inc\ -I
#        C:\Users\颜子楠\Desktop\教材\附件目录\2.源码\1.飞控源码\System\src\ -I
#        C:\Users\颜子楠\Desktop\教材\附件目录\2.源码\1.飞控源码\User\ -I
#        C:\Users\颜子楠\Desktop\教材\附件目录\2.源码\1.飞控源码\User\USER\ -I
#        C:\Users\颜子楠\Desktop\教材\附件目录\2.源码\1.飞控源码\Lib\UCOSII\CONFIG\
#        -I
#        C:\Users\颜子楠\Desktop\教材\附件目录\2.源码\1.飞控源码\Lib\uCOSII\App\
#        -I
#        C:\Users\颜子楠\Desktop\教材\附件目录\2.源码\1.飞控源码\Lib\uCOSII\CONFIHG\
#        -I
#        C:\Users\颜子楠\Desktop\教材\附件目录\2.源码\1.飞控源码\Lib\uCOSII\PORT\
#        -I
#        C:\Users\颜子楠\Desktop\教材\附件目录\2.源码\1.飞控源码\Lib\UCOSII\CORE\
#        -I C:\Users\颜子楠\Desktop\教材\附件目录\2.源码\1.飞控源码\Lib\FatFs\
#        -I
#        C:\Users\颜子楠\Desktop\教材\附件目录\2.源码\1.飞控源码\Lib\FatFs\option\
#        -I C:\Users\颜子楠\Desktop\教材\附件目录\2.源码\1.飞控源码\src\ -I
#        C:\Users\颜子楠\Desktop\教材\附件目录\2.源码\1.飞控源码\HardWare\ -I
#        C:\Users\颜子楠\Desktop\教材\附件目录\2.源码\1.飞控源码\HardWare\nrf24l01\
#        -I C:\Users\颜子楠\Desktop\教材\附件目录\2.源码\1.飞控源码\MATH\ -I
#        C:\Users\颜子楠\Desktop\教材\附件目录\2.源码\1.飞控源码\HAL\
#        --core=430X --data_model=large -Ol --multiplier=32
#        --hw_workaround=CPU40 --hw_workaround=nop_after_lpm -DNDEBUG
#        --code_model=large)
#    Locale        =  Chinese (Simplified)_CHN.936
#    List file     =  
#        C:\Users\颜子楠\Desktop\教材\附件目录\2.源码\1.飞控源码\Release\List\msp430f5529_it.lst
#    Object file   =  
#        C:\Users\颜子楠\Desktop\教材\附件目录\2.源码\1.飞控源码\Release\Obj\msp430f5529_it.r43
#
###############################################################################

C:\Users\颜子楠\Desktop\教材\附件目录\2.源码\1.飞控源码\System\src\msp430f5529_it.c
      1          #include "msp430f5529_it.h"
      2          #include "include.h"
      3          /*******************************************************************************
      4          *  函数名称：default_isr(void)
      5          *  功能说明：默认的中断函数，如果某一个中断开启，且设置了中断向量表映射到RAM
      6                       但没调用Set_Vector_Handler(VECTORn vector,__interrupt void pfunc_handler(void))配置中断服务函数，
      7                       发生中断时会进入这个默认中断服务函数，在这个中断服务函数里用指示灯指示中断进入错误
      8                       并用串口打印错误信息
      9          *  参数说明：无
     10          *  函数返回：无
     11          *  使用示例：无
     12          ********************************************************************************/

   \                                 In  segment ISR_CODE, align 2
     13          __interrupt void default_isr(void)
   \                     default_isr:
     14          {
     15          #ifdef DEBUG
     16          #ifdef DEBUG_UART_PRINT
     17              //启动函数中已经初始化过串口，主函数中若修改了SMCLK频率则需再设置波特率，以便从新设置波特率
     18              UART_SetBaudRate (Print_UART,Print_Baud);                    
     19          #endif
     20              //while (1)  //这里取消死循环
     21              {
     22                 DEBUG_PRINTF("\n有未知中断进入，请检查是否有中断使能却未配置中断服务函数！\n");  //打印错误信息
     23              }
     24          #endif
     25          }
   \   000000   0013         RETI

   Maximum stack usage in bytes:

   CSTACK Function
   ------ --------
      4   default_isr


   Segment part sizes:

   Bytes  Function/Label
   -----  --------------
       2  default_isr

 
 2 bytes in segment ISR_CODE
 
 2 bytes of CODE memory

Errors: none
Warnings: none
